<?xml version="1.0" encoding="UTF-8"?>
<testng-results ignored="0" total="3" passed="3" failed="0" skipped="0">
  <reporter-output>
  </reporter-output>
  <suite started-at="2025-06-18T23:26:11 IST" name="Default suite" finished-at="2025-06-18T23:26:33 IST" duration-ms="21521">
    <groups>
    </groups>
    <test started-at="2025-06-18T23:26:11 IST" name="Default test" finished-at="2025-06-18T23:26:33 IST" duration-ms="21521">
      <class name="automation_web_project.LoginTest">
        <test-method is-config="true" signature="setUp()[pri:0, instance:automation_web_project.LoginTest@6ca8564a]" started-at="2025-06-18T23:26:12 IST" name="setUp" finished-at="2025-06-18T23:26:19 IST" duration-ms="7551" status="PASS">
          <reporter-output>
          </reporter-output>
        </test-method> <!-- setUp -->
        <test-method signature="testSuccessfulLogin()[pri:1, instance:automation_web_project.LoginTest@6ca8564a]" started-at="2025-06-18T23:26:19 IST" name="testSuccessfulLogin" description="Verify successful login with valid credentials" finished-at="2025-06-18T23:26:21 IST" duration-ms="1699" status="PASS">
          <reporter-output>
          </reporter-output>
        </test-method> <!-- testSuccessfulLogin -->
        <test-method is-config="true" signature="tearDown()[pri:0, instance:automation_web_project.LoginTest@6ca8564a]" started-at="2025-06-18T23:26:21 IST" name="tearDown" finished-at="2025-06-18T23:26:21 IST" duration-ms="364" status="PASS">
          <reporter-output>
          </reporter-output>
        </test-method> <!-- tearDown -->
        <test-method is-config="true" signature="setUp()[pri:0, instance:automation_web_project.LoginTest@6ca8564a]" started-at="2025-06-18T23:26:21 IST" name="setUp" finished-at="2025-06-18T23:26:27 IST" duration-ms="5508" status="PASS">
          <reporter-output>
          </reporter-output>
        </test-method> <!-- setUp -->
        <test-method signature="testInvalidPassword()[pri:2, instance:automation_web_project.LoginTest@6ca8564a]" started-at="2025-06-18T23:26:27 IST" name="testInvalidPassword" description="Verify error message with invalid password" finished-at="2025-06-18T23:26:27 IST" duration-ms="555" status="PASS">
          <reporter-output>
          </reporter-output>
        </test-method> <!-- testInvalidPassword -->
        <test-method is-config="true" signature="tearDown()[pri:0, instance:automation_web_project.LoginTest@6ca8564a]" started-at="2025-06-18T23:26:27 IST" name="tearDown" finished-at="2025-06-18T23:26:27 IST" duration-ms="264" status="PASS">
          <reporter-output>
          </reporter-output>
        </test-method> <!-- tearDown -->
        <test-method is-config="true" signature="setUp()[pri:0, instance:automation_web_project.LoginTest@6ca8564a]" started-at="2025-06-18T23:26:27 IST" name="setUp" finished-at="2025-06-18T23:26:32 IST" duration-ms="4721" status="PASS">
          <reporter-output>
          </reporter-output>
        </test-method> <!-- setUp -->
        <test-method signature="testEmptyCredentials()[pri:3, instance:automation_web_project.LoginTest@6ca8564a]" started-at="2025-06-18T23:26:32 IST" name="testEmptyCredentials" description="Verify error message with empty credentials" finished-at="2025-06-18T23:26:33 IST" duration-ms="498" status="PASS">
          <reporter-output>
          </reporter-output>
        </test-method> <!-- testEmptyCredentials -->
        <test-method is-config="true" signature="tearDown()[pri:0, instance:automation_web_project.LoginTest@6ca8564a]" started-at="2025-06-18T23:26:33 IST" name="tearDown" finished-at="2025-06-18T23:26:33 IST" duration-ms="282" status="PASS">
          <reporter-output>
          </reporter-output>
        </test-method> <!-- tearDown -->
      </class> <!-- automation_web_project.LoginTest -->
    </test> <!-- Default test -->
  </suite> <!-- Default suite -->
</testng-results>
