<?xml version="1.0" encoding="UTF-8"?>
<testng-results ignored="0" total="1" passed="1" failed="0" skipped="0">
  <reporter-output>
  </reporter-output>
  <suite started-at="2025-06-06T14:38:53 IST" name="KeywordDrivenSuite" finished-at="2025-06-06T14:38:56 IST" duration-ms="3193">
    <groups>
    </groups>
    <test started-at="2025-06-06T14:38:53 IST" name="Default test" finished-at="2025-06-06T14:38:56 IST" duration-ms="3193">
      <class name="com.tops.ExcelMaven.hybridriven.tests.LoginTest">
        <test-method is-config="true" signature="setUp()[pri:0, instance:com.tops.ExcelMaven.hybridriven.tests.LoginTest@1aafa419]" started-at="2025-06-06T14:38:53 IST" name="setUp" finished-at="2025-06-06T14:38:55 IST" duration-ms="2160" status="PASS">
          <reporter-output>
          </reporter-output>
        </test-method> <!-- setUp -->
        <test-method signature="loginTest()[pri:0, instance:com.tops.ExcelMaven.hybridriven.tests.LoginTest@1aafa419]" started-at="2025-06-06T14:38:55 IST" name="loginTest" finished-at="2025-06-06T14:38:56 IST" duration-ms="908" status="PASS">
          <reporter-output>
          </reporter-output>
        </test-method> <!-- loginTest -->
        <test-method is-config="true" signature="tearDown()[pri:0, instance:com.tops.ExcelMaven.hybridriven.tests.LoginTest@1aafa419]" started-at="2025-06-06T14:38:56 IST" name="tearDown" finished-at="2025-06-06T14:38:56 IST" duration-ms="95" status="PASS">
          <reporter-output>
          </reporter-output>
        </test-method> <!-- tearDown -->
      </class> <!-- com.tops.ExcelMaven.hybridriven.tests.LoginTest -->
    </test> <!-- Default test -->
  </suite> <!-- KeywordDrivenSuite -->
</testng-results>
