<?xml version="1.0" encoding="UTF-8"?>
<!-- Generated by org.testng.reporters.JUnitXMLReporter -->
<testsuite ignored="0" hostname="DESKTOP-NA9MM3C" failures="0" tests="3" name="Default test" time="21.521" errors="0" timestamp="2025-06-18T23:26:33 IST">
  <testcase classname="automation_web_project.LoginTest" name="testSuccessfulLogin" time="1.699"/>
  <testcase classname="automation_web_project.LoginTest" name="testInvalidPassword" time="0.555"/>
  <testcase classname="automation_web_project.LoginTest" name="testEmptyCredentials" time="0.498"/>
</testsuite> <!-- Default test -->
