<?xml version="1.0" encoding="UTF-8"?>
<testng-results ignored="0" total="1" passed="1" failed="0" skipped="0">
  <reporter-output>
  </reporter-output>
  <suite started-at="2025-06-12T02:15:51Z" name="Default suite" finished-at="2025-06-12T02:16:23Z" duration-ms="31479">
    <groups>
    </groups>
    <test started-at="2025-06-12T02:15:51Z" name="Default test" finished-at="2025-06-12T02:16:23Z" duration-ms="31479">
      <class name="tests.RealDeviceTest">
        <test-method is-config="true" signature="setup()[pri:0, instance:tests.RealDeviceTest@7161d8d1]" started-at="2025-06-12T02:15:51Z" name="setup" finished-at="2025-06-12T02:16:16Z" duration-ms="25166" status="PASS">
          <reporter-output>
          </reporter-output>
        </test-method> <!-- setup -->
        <test-method signature="testLogin()[pri:0, instance:tests.RealDeviceTest@7161d8d1]" started-at="2025-06-12T02:16:16Z" name="testLogin" finished-at="2025-06-12T02:16:21Z" duration-ms="4941" status="PASS">
          <reporter-output>
          </reporter-output>
        </test-method> <!-- testLogin -->
        <test-method is-config="true" signature="tearDown()[pri:0, instance:tests.RealDeviceTest@7161d8d1]" started-at="2025-06-12T02:16:21Z" name="tearDown" finished-at="2025-06-12T02:16:23Z" duration-ms="1319" status="PASS">
          <reporter-output>
          </reporter-output>
        </test-method> <!-- tearDown -->
      </class> <!-- tests.RealDeviceTest -->
    </test> <!-- Default test -->
  </suite> <!-- Default suite -->
</testng-results>
