<?xml version="1.0" encoding="UTF-8"?>
<testng-results ignored="0" total="1" passed="1" failed="0" skipped="0">
  <reporter-output>
  </reporter-output>
  <suite started-at="2025-07-20T16:56:39Z" name="Default suite" finished-at="2025-07-20T16:56:52Z" duration-ms="13743">
    <groups>
    </groups>
    <test started-at="2025-07-20T16:56:39Z" name="Default test" finished-at="2025-07-20T16:56:52Z" duration-ms="13743">
      <class name="tests.Locators">
        <test-method is-config="true" signature="setup()[pri:0, instance:tests.Locators@54422e18]" started-at="2025-07-20T16:56:39Z" name="setup" finished-at="2025-07-20T16:56:47Z" duration-ms="8242" status="PASS">
          <reporter-output>
          </reporter-output>
        </test-method> <!-- setup -->
        <test-method signature="testLogin()[pri:0, instance:tests.Locators@54422e18]" started-at="2025-07-20T16:56:47Z" name="testLogin" finished-at="2025-07-20T16:56:51Z" duration-ms="4162" status="PASS">
          <reporter-output>
          </reporter-output>
        </test-method> <!-- testLogin -->
        <test-method is-config="true" signature="tearDown()[pri:0, instance:tests.Locators@54422e18]" started-at="2025-07-20T16:56:51Z" name="tearDown" finished-at="2025-07-20T16:56:52Z" duration-ms="1294" status="PASS">
          <reporter-output>
          </reporter-output>
        </test-method> <!-- tearDown -->
      </class> <!-- tests.Locators -->
    </test> <!-- Default test -->
  </suite> <!-- Default suite -->
</testng-results>
